<?xml version="1.0" encoding="UTF-8"?>
<testsuites>
  <testsuite name="eifs" timestamp="2025-07-04T21:24:00Z" hostname="b6cc98ee3cab" tests="9" skipped="0" failures="0" errors="0" time="25.927">
    <testcase time="2.845" classname="eifs" name="compute_eif_minus_true_absolute_effect_parameter_value_has_a_mean_of_zero_when_propensity_scores_aren_t_known"/>
    <testcase time="0.228" classname="eifs" name="compute_eif_minus_true_absolute_effect_parameter_value_has_a_mean_of_zero_when_propensity_scores_are_known"/>
    <testcase time="0.470000000000001" classname="eifs" name="compute_eif_minus_true_relative_effect_parameter_value_has_a_mean_of_zero_when_propensity_scores_aren_t_known"/>
    <testcase time="0.347" classname="eifs" name="compute_eif_minus_true_relative_effect_parameter_value_has_a_mean_of_zero_when_propensity_scores_are_known"/>
    <testcase time="11.656" classname="eifs" name="compute_eif_minus_true_absolute_effect_parameter_value_has_a_mean_of_zero_for_the_RD_TTE_TEM_VIP"/>
    <testcase time="0.00400000000000134" classname="eifs" name="compute_eif_minus_true_absolute_effect_parameter_value_has_a_mean_of_zero_for_the_RD_TTE_TEM_VIP"/>
    <testcase time="8.675" classname="eifs" name="compute_eif_minus_true_relative_effect_parameter_value_has_a_mean_of_zero_for_the_RR_TTE_TEM_VIP"/>
    <testcase time="0.00500000000000256" classname="eifs" name="compute_eif_minus_true_relative_effect_parameter_value_has_a_mean_of_zero_for_the_RR_TTE_TEM_VIP"/>
    <testcase time="1.697" classname="eifs" name="compute_eif_centers_the_EIF_appropriately_for_absolute_effect"/>
  </testsuite>
  <testsuite name="nuisance-estimators" timestamp="2025-07-04T21:24:26Z" hostname="b6cc98ee3cab" tests="20" skipped="0" failures="0" errors="0" time="220.747">
    <testcase time="0.0560000000000009" classname="nuisance_estimators" name="fit_prop_score_outputs_a_vector_of_estimates_that_is_similar_to_ground_truth_when_a_validation_dataset_isn_t_provided"/>
    <testcase time="0.256" classname="nuisance_estimators" name="fit_prop_score_outputs_the_sl3_lrnr_object_fit_on_the_training_data"/>
    <testcase time="0.0779999999999994" classname="nuisance_estimators" name="fit_prop_score_outputs_a_vector_of_estimates_that_is_similar_to_ground_truth_when_a_validation_set_is_provided"/>
    <testcase time="0.675999999999998" classname="nuisance_estimators" name="fit_cond_est_returns_a_vector_of_estimates_that_is_similar_to_ground_truth_when_no_validation_set_is_provided"/>
    <testcase time="3.229" classname="nuisance_estimators" name="fit_cond_est_returns_a_vector_of_estimates_that_is_similar_to_ground_truth_when_a_validation_set_is_provided"/>
    <testcase time="0.0409999999999968" classname="nuisance_estimators" name="fit_cond_outcome_outputs_the_sl3_lrnr_object_fit_on_the_training_data"/>
    <testcase time="4.491" classname="nuisance_estimators" name="fit_cond_est_returns_vectors_of_potential_outcome_estimates_that_is_similar_to_ground_truth_when_no_validation_set_is_provided"/>
    <testcase time="0.00400000000000489" classname="nuisance_estimators" name="fit_cond_est_returns_vectors_of_potential_outcome_estimates_that_is_similar_to_ground_truth_when_no_validation_set_is_provided"/>
    <testcase time="0.631" classname="nuisance_estimators" name="fit_failure_hazard_returns_vectors_of_potential_conditional_failure_hazard_estmiates_that_are_close_to_the_ground_truth"/>
    <testcase time="0.00300000000000011" classname="nuisance_estimators" name="fit_failure_hazard_returns_vectors_of_potential_conditional_failure_hazard_estmiates_that_are_close_to_the_ground_truth"/>
    <testcase time="0.287999999999997" classname="nuisance_estimators" name="fit_censoring_hazard_returns_vectors_of_potential_conditional_censoring_hazard_estimates_that_are_close_to_the_ground_truth"/>
    <testcase time="0.00500000000000256" classname="nuisance_estimators" name="fit_censoring_hazard_returns_vectors_of_potential_conditional_censoring_hazard_estimates_that_are_close_to_the_ground_truth"/>
    <testcase time="0.149999999999999" classname="nuisance_estimators" name="one_step_ate_estimator_estimates_are_close_to_gound_truth"/>
    <testcase time="0.0970000000000013" classname="nuisance_estimators" name="tml_ate_estimator_estimates_are_close_to_gound_truth"/>
    <testcase time="0.793999999999997" classname="nuisance_estimators" name="one_step_estimator_ate_log_outcome_estimates_are_close_to_gound_truth"/>
    <testcase time="4.29000000000001" classname="nuisance_estimators" name="tmle_ate_log_outcome_estimates_are_close_to_gound_truth"/>
    <testcase time="45.982" classname="nuisance_estimators" name="one_step_rmst_diff_estimator_returns_the_marginal_RMST_diff"/>
    <testcase time="50.166" classname="nuisance_estimators" name="tml_rmst_diff_estimator_returns_the_marginal_RMST_diff"/>
    <testcase time="53.445" classname="nuisance_estimators" name="one_step_estimator_rmst_log_outcome_returns_the_relative_tte_effect"/>
    <testcase time="56.065" classname="nuisance_estimators" name="tml_estimator_rmst_log_outcome_returns_the_relative_tte_effect"/>
  </testsuite>
  <testsuite name="rel-risk-estimators" timestamp="2025-07-04T21:28:07Z" hostname="b6cc98ee3cab" tests="17" skipped="0" failures="0" errors="0" time="11.182">
    <testcase time="0.0960000000000036" classname="rel_risk_estimators" name="one_step_estimator_produces_accurate_estimates_without_cross_fitting"/>
    <testcase time="0.085000000000008" classname="rel_risk_estimators" name="one_step_estimator_solves_the_efficient_influence_function"/>
    <testcase time="0.00399999999999068" classname="rel_risk_estimators" name="one_step_estimator_solves_the_efficient_influence_function"/>
    <testcase time="0.847000000000008" classname="rel_risk_estimators" name="tml_estimator_produces_accurate_estimates_without_cross_fitting"/>
    <testcase time="0.0029999999999859" classname="rel_risk_estimators" name="tml_estimator_produces_accurate_estimates_without_cross_fitting"/>
    <testcase time="4.48400000000001" classname="rel_risk_estimators" name="one_step_estimator_produces_accurate_estimates_without_cross_fitting_TTE_outcome"/>
    <testcase time="0.00399999999999068" classname="rel_risk_estimators" name="one_step_estimator_produces_accurate_estimates_without_cross_fitting_TTE_outcome"/>
    <testcase time="0.00300000000001432" classname="rel_risk_estimators" name="one_step_estimator_produces_accurate_estimates_without_cross_fitting_TTE_outcome"/>
    <testcase time="0.191000000000003" classname="rel_risk_estimators" name="one_step_estimator_solves_the_efficient_influence_function_TTE_outcome"/>
    <testcase time="2.16399999999999" classname="rel_risk_estimators" name="tml_estimator_produces_accurate_estimates_without_cross_fitting_TTE_outcome"/>
    <testcase time="0.0029999999999859" classname="rel_risk_estimators" name="tml_estimator_produces_accurate_estimates_without_cross_fitting_TTE_outcome"/>
    <testcase time="0.0040000000000191" classname="rel_risk_estimators" name="tml_estimator_produces_accurate_estimates_without_cross_fitting_TTE_outcome"/>
    <testcase time="1.464" classname="rel_risk_estimators" name="plugin_estimator_for_continuous_outcomes_don_t_have_enormous_error"/>
    <testcase time="0.0040000000000191" classname="rel_risk_estimators" name="plugin_estimator_for_continuous_outcomes_don_t_have_enormous_error"/>
    <testcase time="1.81799999999998" classname="rel_risk_estimators" name="plugin_estimator_for_time_to_event_outcomes_don_t_have_enormous_error"/>
    <testcase time="0.0040000000000191" classname="rel_risk_estimators" name="plugin_estimator_for_time_to_event_outcomes_don_t_have_enormous_error"/>
    <testcase time="0.00399999999996226" classname="rel_risk_estimators" name="plugin_estimator_for_time_to_event_outcomes_don_t_have_enormous_error"/>
  </testsuite>
  <testsuite name="risk-diff-estimators" timestamp="2025-07-04T21:28:18Z" hostname="b6cc98ee3cab" tests="18" skipped="0" failures="0" errors="0" time="20.21">
    <testcase time="0.0850000000000364" classname="risk_diff_estimators" name="one_step_estimator_produces_accurate_estimates_without_cross_fitting_cont_outcome_"/>
    <testcase time="0.0029999999999859" classname="risk_diff_estimators" name="one_step_estimator_produces_accurate_estimates_without_cross_fitting_cont_outcome_"/>
    <testcase time="0.0629999999999882" classname="risk_diff_estimators" name="one_step_estimator_solves_the_efficient_influence_function_cont_outcome_"/>
    <testcase time="0.0040000000000191" classname="risk_diff_estimators" name="one_step_estimator_solves_the_efficient_influence_function_cont_outcome_"/>
    <testcase time="0.0729999999999791" classname="risk_diff_estimators" name="tml_estimator_produces_accurate_estimates_without_cross_fitting_cont_outcome_"/>
    <testcase time="0.0029999999999859" classname="risk_diff_estimators" name="tml_estimator_produces_accurate_estimates_without_cross_fitting_cont_outcome_"/>
    <testcase time="0.233000000000004" classname="risk_diff_estimators" name="one_step_estimator_solves_the_efficient_influence_function_time_to_event_outcome_RD_TEM_VIP_"/>
    <testcase time="4.58700000000005" classname="risk_diff_estimators" name="one_step_estimator_produces_accurate_estimates_without_cross_fitting_time_to_event_outcome_RD_TEM_VIP_"/>
    <testcase time="0.0029999999999859" classname="risk_diff_estimators" name="one_step_estimator_produces_accurate_estimates_without_cross_fitting_time_to_event_outcome_RD_TEM_VIP_"/>
    <testcase time="0.00399999999996226" classname="risk_diff_estimators" name="one_step_estimator_produces_accurate_estimates_without_cross_fitting_time_to_event_outcome_RD_TEM_VIP_"/>
    <testcase time="9.05500000000001" classname="risk_diff_estimators" name="tml_estimator_produces_accurate_estimates_without_cross_fitting_time_to_event_outcome_RD_TEM_VIP_"/>
    <testcase time="0.0040000000000191" classname="risk_diff_estimators" name="tml_estimator_produces_accurate_estimates_without_cross_fitting_time_to_event_outcome_RD_TEM_VIP_"/>
    <testcase time="0.0029999999999859" classname="risk_diff_estimators" name="tml_estimator_produces_accurate_estimates_without_cross_fitting_time_to_event_outcome_RD_TEM_VIP_"/>
    <testcase time="1.45500000000004" classname="risk_diff_estimators" name="plugin_estimator_for_continuous_outcomes_don_t_have_enormous_error"/>
    <testcase time="0.00399999999996226" classname="risk_diff_estimators" name="plugin_estimator_for_continuous_outcomes_don_t_have_enormous_error"/>
    <testcase time="4.60700000000003" classname="risk_diff_estimators" name="plugin_estimator_for_time_to_event_outcomes_don_t_have_enormous_error"/>
    <testcase time="0.00399999999996226" classname="risk_diff_estimators" name="plugin_estimator_for_time_to_event_outcomes_don_t_have_enormous_error"/>
    <testcase time="0.0200000000000387" classname="risk_diff_estimators" name="plugin_estimator_for_time_to_event_outcomes_don_t_have_enormous_error"/>
  </testsuite>
  <testsuite name="testing-utils" timestamp="2025-07-04T21:28:38Z" hostname="b6cc98ee3cab" tests="6" skipped="0" failures="0" errors="0" time="12.232">
    <testcase time="0.173000000000002" classname="testing_utils" name="test_hypotheses_outputs_a_data.table_with_one_row_per_modifier"/>
    <testcase time="0.142999999999972" classname="testing_utils" name="test_hypotheses_contains_modifier_estimate_se_z_p_value_ci_lower_ci_upper_p_value_fdr_columns"/>
    <testcase time="10.513" classname="testing_utils" name="test_hypotheses_properly_rescales_the_estimates"/>
    <testcase time="0.00399999999996226" classname="testing_utils" name="test_hypotheses_properly_rescales_the_estimates"/>
    <testcase time="1.39500000000004" classname="testing_utils" name="test_hypotheses_properly_rescales_the_variance_estimates"/>
    <testcase time="0.00399999999996226" classname="testing_utils" name="test_hypotheses_properly_rescales_the_variance_estimates"/>
  </testsuite>
  <testsuite name="tte_data_melt" timestamp="2025-07-04T21:28:51Z" hostname="b6cc98ee3cab" tests="4" skipped="0" failures="0" errors="0" time="0.057">
    <testcase time="0.0230000000000246" classname="tte_data_melt" name="tte_data_melt_melts_wide_time_to_event_data_with_the_correct_number_of_repeated_measures"/>
    <testcase time="0.0029999999999859" classname="tte_data_melt" name="tte_data_melt_melts_wide_time_to_event_data_with_the_correct_number_of_repeated_measures"/>
    <testcase time="0.0180000000000291" classname="tte_data_melt" name="tte_data_melt_outputs_a_data.table_with_columns_for_confounders_the_exposure_the_outcome_the_censoring_indicator_and_if_necessary_the_known_propensity_scores"/>
    <testcase time="0.0129999999999768" classname="tte_data_melt" name="tte_data_melt_outputs_a_data.table_with_columns_for_confounders_the_exposure_the_outcome_the_censoring_indicator_and_if_necessary_the_known_propensity_scores"/>
  </testsuite>
  <testsuite name="unihtee" timestamp="2025-07-04T21:28:51Z" hostname="b6cc98ee3cab" tests="41" skipped="0" failures="0" errors="0" time="32.64">
    <testcase time="0.0690000000000168" classname="unihtee" name="unihtee_uncovers_treatment_effect_modifiers_on_the_absolute_effect_when_outcomes_are_continuous_with_the_one_step_estimator"/>
    <testcase time="0.0029999999999859" classname="unihtee" name="unihtee_uncovers_treatment_effect_modifiers_on_the_absolute_effect_when_outcomes_are_continuous_with_the_one_step_estimator"/>
    <testcase time="0.0040000000000191" classname="unihtee" name="unihtee_uncovers_treatment_effect_modifiers_on_the_absolute_effect_when_outcomes_are_continuous_with_the_one_step_estimator"/>
    <testcase time="0.0029999999999859" classname="unihtee" name="unihtee_uncovers_treatment_effect_modifiers_on_the_absolute_effect_when_outcomes_are_continuous_with_the_one_step_estimator"/>
    <testcase time="0.509000000000015" classname="unihtee" name="unihtee_uncovers_treatment_effect_modifiers_on_the_absolute_effect_when_outcomes_are_continuous_with_the_cross_fitted_one_step_estimator"/>
    <testcase time="4.61399999999998" classname="unihtee" name="unihtee_uncovers_treatment_effect_modifiers_on_the_absolute_effect_when_outcomes_are_continuous_with_the_TML_estimator"/>
    <testcase time="0.0040000000000191" classname="unihtee" name="unihtee_uncovers_treatment_effect_modifiers_on_the_absolute_effect_when_outcomes_are_continuous_with_the_TML_estimator"/>
    <testcase time="0.00399999999996226" classname="unihtee" name="unihtee_uncovers_treatment_effect_modifiers_on_the_absolute_effect_when_outcomes_are_continuous_with_the_TML_estimator"/>
    <testcase time="0.00300000000004275" classname="unihtee" name="unihtee_uncovers_treatment_effect_modifiers_on_the_absolute_effect_when_outcomes_are_continuous_with_the_TML_estimator"/>
    <testcase time="0.480999999999995" classname="unihtee" name="unihtee_uncovers_treatment_effect_modifiers_on_the_absolute_effect_when_outcomes_are_continuous_with_the_cross_fitted_TML_estimator"/>
    <testcase time="0.0999999999999659" classname="unihtee" name="unihtee_uncovers_treatment_effect_modifiers_on_the_absolute_effect_when_outcomes_are_binary_with_the_one_step_estimator"/>
    <testcase time="0.00499999999999545" classname="unihtee" name="unihtee_uncovers_treatment_effect_modifiers_on_the_absolute_effect_when_outcomes_are_binary_with_the_one_step_estimator"/>
    <testcase time="0.00499999999999545" classname="unihtee" name="unihtee_uncovers_treatment_effect_modifiers_on_the_absolute_effect_when_outcomes_are_binary_with_the_one_step_estimator"/>
    <testcase time="0.00499999999999545" classname="unihtee" name="unihtee_uncovers_treatment_effect_modifiers_on_the_absolute_effect_when_outcomes_are_binary_with_the_one_step_estimator"/>
    <testcase time="0.293000000000006" classname="unihtee" name="unihtee_uncovers_treatment_effect_modifiers_on_the_absolute_effect_when_outcomes_are_binary_with_the_TML_estimator"/>
    <testcase time="0.00300000000004275" classname="unihtee" name="unihtee_uncovers_treatment_effect_modifiers_on_the_absolute_effect_when_outcomes_are_binary_with_the_TML_estimator"/>
    <testcase time="0.00399999999996226" classname="unihtee" name="unihtee_uncovers_treatment_effect_modifiers_on_the_absolute_effect_when_outcomes_are_binary_with_the_TML_estimator"/>
    <testcase time="0.0219999999999914" classname="unihtee" name="unihtee_uncovers_treatment_effect_modifiers_on_the_absolute_effect_when_outcomes_are_binary_with_the_TML_estimator"/>
    <testcase time="0.220000000000027" classname="unihtee" name="unihtee_uncovers_treatment_effect_modifiers_on_the_relative_effect_when_outcomes_are_binary_with_the_one_step_estimator"/>
    <testcase time="0.0040000000000191" classname="unihtee" name="unihtee_uncovers_treatment_effect_modifiers_on_the_relative_effect_when_outcomes_are_binary_with_the_one_step_estimator"/>
    <testcase time="0.00399999999996226" classname="unihtee" name="unihtee_uncovers_treatment_effect_modifiers_on_the_relative_effect_when_outcomes_are_binary_with_the_one_step_estimator"/>
    <testcase time="0.0040000000000191" classname="unihtee" name="unihtee_uncovers_treatment_effect_modifiers_on_the_relative_effect_when_outcomes_are_binary_with_the_one_step_estimator"/>
    <testcase time="0.298999999999978" classname="unihtee" name="unihtee_uncovers_treatment_effect_modifiers_on_the_relative_effect_when_outcomes_are_binary_with_the_cross_fitted_one_step_estimator"/>
    <testcase time="0.355000000000018" classname="unihtee" name="unihtee_uncovers_treatment_effect_modifiers_on_the_relative_effect_when_outcomes_are_binary_with_the_TML_estimator"/>
    <testcase time="0.00499999999999545" classname="unihtee" name="unihtee_uncovers_treatment_effect_modifiers_on_the_relative_effect_when_outcomes_are_binary_with_the_TML_estimator"/>
    <testcase time="0.00499999999999545" classname="unihtee" name="unihtee_uncovers_treatment_effect_modifiers_on_the_relative_effect_when_outcomes_are_binary_with_the_TML_estimator"/>
    <testcase time="0.00499999999999545" classname="unihtee" name="unihtee_uncovers_treatment_effect_modifiers_on_the_relative_effect_when_outcomes_are_binary_with_the_TML_estimator"/>
    <testcase time="0.526999999999987" classname="unihtee" name="unihtee_uncovers_treatment_effect_modifiers_on_the_relative_effect_when_outcomes_are_binary_with_the_cross_fitted_TML_estimator"/>
    <testcase time="5.78800000000001" classname="unihtee" name="unihtee_uncovers_treatment_effect_modifiers_on_the_absolute_effect_with_time_to_event_outcomes_with_the_one_step_estimator"/>
    <testcase time="0.0040000000000191" classname="unihtee" name="unihtee_uncovers_treatment_effect_modifiers_on_the_absolute_effect_with_time_to_event_outcomes_with_the_one_step_estimator"/>
    <testcase time="0.0040000000000191" classname="unihtee" name="unihtee_uncovers_treatment_effect_modifiers_on_the_absolute_effect_with_time_to_event_outcomes_with_the_one_step_estimator"/>
    <testcase time="0.00399999999996226" classname="unihtee" name="unihtee_uncovers_treatment_effect_modifiers_on_the_absolute_effect_with_time_to_event_outcomes_with_the_one_step_estimator"/>
    <testcase time="1.61400000000003" classname="unihtee" name="unihtee_uncovers_treatment_effect_modifiers_on_the_absolute_effect_with_time_to_event_outcomes_with_the_cross_fitted_one_step_estimator"/>
    <testcase time="8.38299999999998" classname="unihtee" name="unihtee_uncovers_treatment_effect_modifiers_on_the_absolute_effect_with_time_to_event_outcomes_with_the_TML_estimator"/>
    <testcase time="0.0040000000000191" classname="unihtee" name="unihtee_uncovers_treatment_effect_modifiers_on_the_absolute_effect_with_time_to_event_outcomes_with_the_TML_estimator"/>
    <testcase time="0.0029999999999859" classname="unihtee" name="unihtee_uncovers_treatment_effect_modifiers_on_the_absolute_effect_with_time_to_event_outcomes_with_the_TML_estimator"/>
    <testcase time="0.0029999999999859" classname="unihtee" name="unihtee_uncovers_treatment_effect_modifiers_on_the_absolute_effect_with_time_to_event_outcomes_with_the_TML_estimator"/>
    <testcase time="2.97999999999996" classname="unihtee" name="unihtee_uncovers_treatment_effect_modifiers_on_the_absolute_effect_with_time_to_event_outcomes_with_the_cross_fitted_TML_estimator"/>
    <testcase time="1.20800000000003" classname="unihtee" name="unihtee_uncovers_treatment_effect_modifiers_on_the_relative_effect_with_time_to_event_outcomes_with_the_one_step_estimator"/>
    <testcase time="1.76900000000001" classname="unihtee" name="unihtee_uncovers_treatment_effect_modifiers_on_the_relative_effect_with_time_to_event_outcomes_with_the_TML_estimator"/>
    <testcase time="3.31700000000001" classname="unihtee" name="unihtee_uncovers_treatment_effect_modifiers_on_the_relative_effect_with_time_to_event_outcomes_with_the_cross_fitted_TML_estimator"/>
  </testsuite>
</testsuites>
