<?xml version="1.0" encoding="UTF-8"?>
<testsuites>
  <testsuite name="eifs" timestamp="2023-02-14T18:17:52Z" hostname="3a5620913d3e" tests="8" skipped="0" failures="0" errors="1" time="39.945">
    <testcase time="0.275" classname="eifs" name="uncentered_eif_minus_true_absolute_effect_parameter_value_has_a_mean_of_zero_when_propensity_scores_aren_t_known">
      <error type="error" message="Error in `learner$process_formula(task)`: Regressors in the formula are not covariates in task ('test-eifs.R:16')">Error in `learner$process_formula(task)`: Regressors in the formula are not covariates in task
Backtrace:
 1. unihtee:::fit_prop_score(...)
      at test-eifs.R:16:4
 2. learners$train(train_data_task)
 3. sl3::delayed_learner_train(self, task)
 4. learner$train_sublearners(task)
 5. sl3::delayed_learner_process_formula(self, task)
 6. sl3::learner_process_formula(learner, task)
 7. learner$process_formula(task)</error>
    </testcase>
    <testcase time="1.109" classname="eifs" name="uncentered_eif_minus_true_absolute_effect_parameter_value_has_a_mean_of_zero_when_propensity_scores_are_known"/>
    <testcase time="0.71" classname="eifs" name="uncentered_eif_minus_true_relative_effect_parameter_value_has_a_mean_of_zero_when_propensity_scores_aren_t_known"/>
    <testcase time="0.548" classname="eifs" name="uncentered_eif_minus_true_relative_effect_parameter_value_has_a_mean_of_zero_when_propensity_scores_are_known"/>
    <testcase time="21.877" classname="eifs" name="uncentered_eif_minus_true_absolute_effect_parameter_value_has_a_mean_of_zero_for_the_RD_TTE_TEM_VIP"/>
    <testcase time="0.00499999999999901" classname="eifs" name="uncentered_eif_minus_true_absolute_effect_parameter_value_has_a_mean_of_zero_for_the_RD_TTE_TEM_VIP"/>
    <testcase time="15.416" classname="eifs" name="uncentered_eif_minus_true_relative_effect_parameter_value_has_a_mean_of_zero_for_the_RR_TTE_TEM_VIP"/>
    <testcase time="0.00500000000000256" classname="eifs" name="uncentered_eif_minus_true_relative_effect_parameter_value_has_a_mean_of_zero_for_the_RR_TTE_TEM_VIP"/>
  </testsuite>
  <testsuite name="nuisance-estimators" timestamp="2023-02-14T18:18:31Z" hostname="3a5620913d3e" tests="12" skipped="0" failures="0" errors="3" time="13.185">
    <testcase time="0.0290000000000035" classname="nuisance_estimators" name="fit_prop_score_outputs_a_vector_of_estimates_that_is_similar_to_ground_truth_when_a_validation_dataset_isn_t_provided">
      <error type="error" message="Error in `learner$process_formula(task)`: Regressors in the formula are not covariates in task ('test-nuisance-estimators.R:16')">Error in `learner$process_formula(task)`: Regressors in the formula are not covariates in task
Backtrace:
 1. unihtee:::fit_prop_score(...)
      at test-nuisance-estimators.R:16:4
 2. learners$train(train_data_task)
 3. sl3::delayed_learner_train(self, task)
 4. learner$train_sublearners(task)
 5. sl3::delayed_learner_process_formula(self, task)
 6. sl3::learner_process_formula(learner, task)
 7. learner$process_formula(task)</error>
    </testcase>
    <testcase time="0.0599999999999952" classname="nuisance_estimators" name="fit_prop_score_outputs_the_sl3_lrnr_object_fit_on_the_training_data">
      <error type="error" message="Error in `learner$process_formula(task)`: Regressors in the formula are not covariates in task ('test-nuisance-estimators.R:41')">Error in `learner$process_formula(task)`: Regressors in the formula are not covariates in task
Backtrace:
 1. unihtee:::fit_prop_score(...)
      at test-nuisance-estimators.R:41:4
 2. learners$train(train_data_task)
 3. sl3::delayed_learner_train(self, task)
 4. learner$train_sublearners(task)
 5. sl3::delayed_learner_process_formula(self, task)
 6. sl3::learner_process_formula(learner, task)
 7. learner$process_formula(task)</error>
    </testcase>
    <testcase time="0.0429999999999993" classname="nuisance_estimators" name="fit_prop_score_outputs_a_vector_of_estimates_that_is_similar_to_ground_truth_when_a_validation_set_is_provided">
      <error type="error" message="Error in `learner$process_formula(task)`: Regressors in the formula are not covariates in task ('test-nuisance-estimators.R:74')">Error in `learner$process_formula(task)`: Regressors in the formula are not covariates in task
Backtrace:
 1. unihtee:::fit_prop_score(...)
      at test-nuisance-estimators.R:74:4
 2. learners$train(train_data_task)
 3. sl3::delayed_learner_train(self, task)
 4. learner$train_sublearners(task)
 5. sl3::delayed_learner_process_formula(self, task)
 6. sl3::learner_process_formula(learner, task)
 7. learner$process_formula(task)</error>
    </testcase>
    <testcase time="1.036" classname="nuisance_estimators" name="fit_cond_est_returns_a_vector_of_estimates_that_is_similar_to_ground_truth_when_no_validation_set_is_provided"/>
    <testcase time="4.184" classname="nuisance_estimators" name="fit_cond_est_returns_a_vector_of_estimates_that_is_similar_to_ground_truth_when_a_validation_set_is_provided"/>
    <testcase time="0.0579999999999998" classname="nuisance_estimators" name="fit_cond_outcome_outputs_the_sl3_lrnr_object_fit_on_the_training_data"/>
    <testcase time="6.184" classname="nuisance_estimators" name="fit_cond_est_returns_vectors_of_potential_outcome_estimates_that_is_similar_to_ground_truth_when_no_validation_set_is_provided"/>
    <testcase time="0.00600000000000023" classname="nuisance_estimators" name="fit_cond_est_returns_vectors_of_potential_outcome_estimates_that_is_similar_to_ground_truth_when_no_validation_set_is_provided"/>
    <testcase time="1.078" classname="nuisance_estimators" name="fit_failure_hazard_returns_vectors_of_potential_conditional_failure_hazard_estmiates_that_are_close_to_the_ground_truth"/>
    <testcase time="0.00600000000000023" classname="nuisance_estimators" name="fit_failure_hazard_returns_vectors_of_potential_conditional_failure_hazard_estmiates_that_are_close_to_the_ground_truth"/>
    <testcase time="0.494999999999997" classname="nuisance_estimators" name="fit_censoring_hazard_returns_vectors_of_potential_conditional_censoring_hazard_estimates_that_are_close_to_the_ground_truth"/>
    <testcase time="0.00600000000000023" classname="nuisance_estimators" name="fit_censoring_hazard_returns_vectors_of_potential_conditional_censoring_hazard_estimates_that_are_close_to_the_ground_truth"/>
  </testsuite>
  <testsuite name="rel-risk-estimators" timestamp="2023-02-14T18:18:45Z" hostname="3a5620913d3e" tests="12" skipped="0" failures="4" errors="0" time="7.291">
    <testcase time="0.167000000000002" classname="rel_risk_estimators" name="one_step_estimator_produces_accurate_estimates_without_cross_fitting"/>
    <testcase time="0.144999999999996" classname="rel_risk_estimators" name="one_step_estimator_solves_the_efficient_influence_function"/>
    <testcase time="0.00499999999999545" classname="rel_risk_estimators" name="one_step_estimator_solves_the_efficient_influence_function"/>
    <testcase time="0.436" classname="rel_risk_estimators" name="tml_estimator_produces_accurate_estimates_without_cross_fitting"/>
    <testcase time="0.131999999999998" classname="rel_risk_estimators" name="tml_estimator_produces_accurate_estimates_without_cross_fitting">
      <failure type="failure" message="tmle_fit$w_3 (`actual`) not equal to 2 (`expected`). ('test-rel-risk-estimators.R:149')">tmle_fit$w_3 (`actual`) not equal to 2 (`expected`).

  `actual`: 1.8
`expected`: 2.0</failure>
    </testcase>
    <testcase time="2.053" classname="rel_risk_estimators" name="one_step_estimator_produces_accurate_estimates_without_cross_fitting_TTE_outcome">
      <failure type="failure" message="abs(one_step_fit$w_1 - 0.6) (`actual`) not equal to 0 (`expected`). ('test-rel-risk-estimators.R:220')">abs(one_step_fit$w_1 - 0.6) (`actual`) not equal to 0 (`expected`).

  `actual`: 0.2
`expected`: 0.0</failure>
    </testcase>
    <testcase time="0.0279999999999987" classname="rel_risk_estimators" name="one_step_estimator_produces_accurate_estimates_without_cross_fitting_TTE_outcome">
      <failure type="failure" message="one_step_fit$w_2 (`actual`) not equal to 0 (`expected`). ('test-rel-risk-estimators.R:221')">one_step_fit$w_2 (`actual`) not equal to 0 (`expected`).

  `actual`: -0.1
`expected`:  0.0</failure>
    </testcase>
    <testcase time="0.0290000000000035" classname="rel_risk_estimators" name="one_step_estimator_produces_accurate_estimates_without_cross_fitting_TTE_outcome">
      <failure type="failure" message="one_step_fit$w_3 (`actual`) not equal to 0 (`expected`). ('test-rel-risk-estimators.R:222')">one_step_fit$w_3 (`actual`) not equal to 0 (`expected`).

  `actual`: -0.4
`expected`:  0.0</failure>
    </testcase>
    <testcase time="0.302999999999997" classname="rel_risk_estimators" name="one_step_estimator_solves_the_efficient_influence_function_TTE_outcome"/>
    <testcase time="3.981" classname="rel_risk_estimators" name="tml_estimator_produces_accurate_estimates_without_cross_fitting_TTE_outcome"/>
    <testcase time="0.00600000000000023" classname="rel_risk_estimators" name="tml_estimator_produces_accurate_estimates_without_cross_fitting_TTE_outcome"/>
    <testcase time="0.00600000000000023" classname="rel_risk_estimators" name="tml_estimator_produces_accurate_estimates_without_cross_fitting_TTE_outcome"/>
  </testsuite>
  <testsuite name="risk-diff-estimators" timestamp="2023-02-14T18:18:52Z" hostname="3a5620913d3e" tests="13" skipped="0" failures="0" errors="0" time="22.192">
    <testcase time="0.125999999999998" classname="risk_diff_estimators" name="one_step_estimator_produces_accurate_estimates_without_cross_fitting_cont_outcome_"/>
    <testcase time="0.00500000000000256" classname="risk_diff_estimators" name="one_step_estimator_produces_accurate_estimates_without_cross_fitting_cont_outcome_"/>
    <testcase time="0.129000000000005" classname="risk_diff_estimators" name="one_step_estimator_solves_the_efficient_influence_function_cont_outcome_"/>
    <testcase time="0.00600000000000023" classname="risk_diff_estimators" name="one_step_estimator_solves_the_efficient_influence_function_cont_outcome_"/>
    <testcase time="0.11699999999999" classname="risk_diff_estimators" name="tml_estimator_produces_accurate_estimates_without_cross_fitting_cont_outcome_"/>
    <testcase time="0.00600000000000023" classname="risk_diff_estimators" name="tml_estimator_produces_accurate_estimates_without_cross_fitting_cont_outcome_"/>
    <testcase time="0.366" classname="risk_diff_estimators" name="one_step_estimator_solves_the_efficient_influence_function_time_to_event_outcome_RD_TEM_VIP_"/>
    <testcase time="8.82000000000001" classname="risk_diff_estimators" name="one_step_estimator_produces_accurate_estimates_without_cross_fitting_time_to_event_outcome_RD_TEM_VIP_"/>
    <testcase time="0.00600000000000023" classname="risk_diff_estimators" name="one_step_estimator_produces_accurate_estimates_without_cross_fitting_time_to_event_outcome_RD_TEM_VIP_"/>
    <testcase time="0.00600000000000023" classname="risk_diff_estimators" name="one_step_estimator_produces_accurate_estimates_without_cross_fitting_time_to_event_outcome_RD_TEM_VIP_"/>
    <testcase time="12.593" classname="risk_diff_estimators" name="tml_estimator_produces_accurate_estimates_without_cross_fitting_time_to_event_outcome_RD_TEM_VIP_"/>
    <testcase time="0.00600000000000023" classname="risk_diff_estimators" name="tml_estimator_produces_accurate_estimates_without_cross_fitting_time_to_event_outcome_RD_TEM_VIP_"/>
    <testcase time="0.00600000000000023" classname="risk_diff_estimators" name="tml_estimator_produces_accurate_estimates_without_cross_fitting_time_to_event_outcome_RD_TEM_VIP_"/>
  </testsuite>
  <testsuite name="testing-utils" timestamp="2023-02-14T18:19:14Z" hostname="3a5620913d3e" tests="6" skipped="0" failures="1" errors="0" time="17.008">
    <testcase time="0.248999999999995" classname="testing_utils" name="test_hypotheses_outputs_a_data.table_with_one_row_per_modifier"/>
    <testcase time="0.268000000000001" classname="testing_utils" name="test_hypotheses_contains_modifier_estimate_se_z_p_value_ci_lower_ci_upper_p_value_fdr_columns"/>
    <testcase time="14.372" classname="testing_utils" name="test_hypotheses_properly_rescales_the_estimates"/>
    <testcase time="0.00600000000000023" classname="testing_utils" name="test_hypotheses_properly_rescales_the_estimates"/>
    <testcase time="2.098" classname="testing_utils" name="test_hypotheses_properly_rescales_the_variance_estimates">
      <failure type="failure" message="rescaled_test_dt$se[1] (`actual`) not equal to test_dt$se[1] (`expected`). ('test-testing-utils.R:276')">rescaled_test_dt$se[1] (`actual`) not equal to test_dt$se[1] (`expected`).

  `actual`: 0.06312
`expected`: 0.06320</failure>
    </testcase>
    <testcase time="0.0150000000000006" classname="testing_utils" name="test_hypotheses_properly_rescales_the_variance_estimates"/>
  </testsuite>
  <testsuite name="tte_data_melt" timestamp="2023-02-14T18:19:31Z" hostname="3a5620913d3e" tests="4" skipped="0" failures="0" errors="0" time="0.092">
    <testcase time="0.0369999999999919" classname="tte_data_melt" name="tte_data_melt_melts_wide_time_to_event_data_with_the_correct_number_of_repeated_measures"/>
    <testcase time="0.00500000000000966" classname="tte_data_melt" name="tte_data_melt_melts_wide_time_to_event_data_with_the_correct_number_of_repeated_measures"/>
    <testcase time="0.0279999999999916" classname="tte_data_melt" name="tte_data_melt_outputs_a_data.table_with_columns_for_confounders_the_exposure_the_outcome_the_censoring_indicator_and_if_necessary_the_known_propensity_scores"/>
    <testcase time="0.0220000000000056" classname="tte_data_melt" name="tte_data_melt_outputs_a_data.table_with_columns_for_confounders_the_exposure_the_outcome_the_censoring_indicator_and_if_necessary_the_known_propensity_scores"/>
  </testsuite>
  <testsuite name="unihtee" timestamp="2023-02-14T18:19:31Z" hostname="3a5620913d3e" tests="39" skipped="0" failures="0" errors="0" time="42.085">
    <testcase time="0.122" classname="unihtee" name="unihtee_uncovers_treatment_effect_modifiers_on_the_absolute_effect_when_outcomes_are_continuous_with_the_one_step_estimator"/>
    <testcase time="0.00600000000000023" classname="unihtee" name="unihtee_uncovers_treatment_effect_modifiers_on_the_absolute_effect_when_outcomes_are_continuous_with_the_one_step_estimator"/>
    <testcase time="0.00600000000000023" classname="unihtee" name="unihtee_uncovers_treatment_effect_modifiers_on_the_absolute_effect_when_outcomes_are_continuous_with_the_one_step_estimator"/>
    <testcase time="0.00499999999999545" classname="unihtee" name="unihtee_uncovers_treatment_effect_modifiers_on_the_absolute_effect_when_outcomes_are_continuous_with_the_one_step_estimator"/>
    <testcase time="0.628" classname="unihtee" name="unihtee_uncovers_treatment_effect_modifiers_on_the_absolute_effect_when_outcomes_are_continuous_with_the_cross_fitted_one_step_estimator"/>
    <testcase time="6.38900000000001" classname="unihtee" name="unihtee_uncovers_treatment_effect_modifiers_on_the_absolute_effect_when_outcomes_are_continuous_with_the_TML_estimator"/>
    <testcase time="0.00600000000000023" classname="unihtee" name="unihtee_uncovers_treatment_effect_modifiers_on_the_absolute_effect_when_outcomes_are_continuous_with_the_TML_estimator"/>
    <testcase time="0.00600000000000023" classname="unihtee" name="unihtee_uncovers_treatment_effect_modifiers_on_the_absolute_effect_when_outcomes_are_continuous_with_the_TML_estimator"/>
    <testcase time="0.00599999999998602" classname="unihtee" name="unihtee_uncovers_treatment_effect_modifiers_on_the_absolute_effect_when_outcomes_are_continuous_with_the_TML_estimator"/>
    <testcase time="0.965000000000003" classname="unihtee" name="unihtee_uncovers_treatment_effect_modifiers_on_the_absolute_effect_when_outcomes_are_continuous_with_the_cross_fitted_TML_estimator"/>
    <testcase time="0.121000000000009" classname="unihtee" name="unihtee_uncovers_treatment_effect_modifiers_on_the_absolute_effect_when_outcomes_are_binary_with_the_one_step_estimator"/>
    <testcase time="0.00600000000000023" classname="unihtee" name="unihtee_uncovers_treatment_effect_modifiers_on_the_absolute_effect_when_outcomes_are_binary_with_the_one_step_estimator"/>
    <testcase time="0.00600000000000023" classname="unihtee" name="unihtee_uncovers_treatment_effect_modifiers_on_the_absolute_effect_when_outcomes_are_binary_with_the_one_step_estimator"/>
    <testcase time="0.00600000000000023" classname="unihtee" name="unihtee_uncovers_treatment_effect_modifiers_on_the_absolute_effect_when_outcomes_are_binary_with_the_one_step_estimator"/>
    <testcase time="0.422999999999988" classname="unihtee" name="unihtee_uncovers_treatment_effect_modifiers_on_the_absolute_effect_when_outcomes_are_binary_with_the_TML_estimator"/>
    <testcase time="0.00600000000000023" classname="unihtee" name="unihtee_uncovers_treatment_effect_modifiers_on_the_absolute_effect_when_outcomes_are_binary_with_the_TML_estimator"/>
    <testcase time="0.00600000000000023" classname="unihtee" name="unihtee_uncovers_treatment_effect_modifiers_on_the_absolute_effect_when_outcomes_are_binary_with_the_TML_estimator"/>
    <testcase time="0.00500000000000966" classname="unihtee" name="unihtee_uncovers_treatment_effect_modifiers_on_the_absolute_effect_when_outcomes_are_binary_with_the_TML_estimator"/>
    <testcase time="0.236999999999995" classname="unihtee" name="unihtee_uncovers_treatment_effect_modifiers_on_the_relative_effect_when_outcomes_are_binary_with_the_one_step_estimator"/>
    <testcase time="0.00600000000000023" classname="unihtee" name="unihtee_uncovers_treatment_effect_modifiers_on_the_relative_effect_when_outcomes_are_binary_with_the_one_step_estimator"/>
    <testcase time="0.00600000000000023" classname="unihtee" name="unihtee_uncovers_treatment_effect_modifiers_on_the_relative_effect_when_outcomes_are_binary_with_the_one_step_estimator"/>
    <testcase time="0.00600000000000023" classname="unihtee" name="unihtee_uncovers_treatment_effect_modifiers_on_the_relative_effect_when_outcomes_are_binary_with_the_one_step_estimator"/>
    <testcase time="0.472999999999999" classname="unihtee" name="unihtee_uncovers_treatment_effect_modifiers_on_the_relative_effect_when_outcomes_are_binary_with_the_cross_fitted_one_step_estimator"/>
    <testcase time="0.25" classname="unihtee" name="unihtee_uncovers_treatment_effect_modifiers_on_the_relative_effect_when_outcomes_are_binary_with_the_TML_estimator"/>
    <testcase time="0.00600000000000023" classname="unihtee" name="unihtee_uncovers_treatment_effect_modifiers_on_the_relative_effect_when_outcomes_are_binary_with_the_TML_estimator"/>
    <testcase time="0.00600000000000023" classname="unihtee" name="unihtee_uncovers_treatment_effect_modifiers_on_the_relative_effect_when_outcomes_are_binary_with_the_TML_estimator"/>
    <testcase time="0.00600000000000023" classname="unihtee" name="unihtee_uncovers_treatment_effect_modifiers_on_the_relative_effect_when_outcomes_are_binary_with_the_TML_estimator"/>
    <testcase time="0.617999999999995" classname="unihtee" name="unihtee_uncovers_treatment_effect_modifiers_on_the_relative_effect_when_outcomes_are_binary_with_the_cross_fitted_TML_estimator"/>
    <testcase time="8.52000000000001" classname="unihtee" name="unihtee_uncovers_treatment_effect_modifiers_on_the_absolute_effect_with_time_to_event_outcomes_with_the_one_step_estimator"/>
    <testcase time="0.00699999999999079" classname="unihtee" name="unihtee_uncovers_treatment_effect_modifiers_on_the_absolute_effect_with_time_to_event_outcomes_with_the_one_step_estimator"/>
    <testcase time="0.00600000000000023" classname="unihtee" name="unihtee_uncovers_treatment_effect_modifiers_on_the_absolute_effect_with_time_to_event_outcomes_with_the_one_step_estimator"/>
    <testcase time="0.007000000000005" classname="unihtee" name="unihtee_uncovers_treatment_effect_modifiers_on_the_absolute_effect_with_time_to_event_outcomes_with_the_one_step_estimator"/>
    <testcase time="2.001" classname="unihtee" name="unihtee_uncovers_treatment_effect_modifiers_on_the_absolute_effect_with_time_to_event_outcomes_with_the_cross_fitted_one_step_estimator"/>
    <testcase time="12.938" classname="unihtee" name="unihtee_uncovers_treatment_effect_modifiers_on_the_absolute_effect_with_time_to_event_outcomes_with_the_TML_estimator"/>
    <testcase time="0.007000000000005" classname="unihtee" name="unihtee_uncovers_treatment_effect_modifiers_on_the_absolute_effect_with_time_to_event_outcomes_with_the_TML_estimator"/>
    <testcase time="0.00600000000000023" classname="unihtee" name="unihtee_uncovers_treatment_effect_modifiers_on_the_absolute_effect_with_time_to_event_outcomes_with_the_TML_estimator"/>
    <testcase time="0.00499999999999545" classname="unihtee" name="unihtee_uncovers_treatment_effect_modifiers_on_the_absolute_effect_with_time_to_event_outcomes_with_the_TML_estimator"/>
    <testcase time="3.983" classname="unihtee" name="unihtee_uncovers_treatment_effect_modifiers_on_the_absolute_effect_with_time_to_event_outcomes_with_the_cross_fitted_TML_estimator"/>
    <testcase time="4.273" classname="unihtee" name="unihtee_uncovers_treatment_effect_modifiers_on_the_relative_effect_with_time_to_event_outcomes_with_the_cross_fitted_TML_estimator"/>
  </testsuite>
</testsuites>
